+ echo 'Print the list of s3 buckets'
Print the list of s3 buckets
+ aws s3 ls
2026-01-19 12:28:31 216249376945-terraform-states
+ echo 'Print the list of ec2 intaces'
Print the list of ec2 intaces
+ aws ec2 describe-instances
+ jq '.Reservations[].Instances[].InstanceId'
"i-011551b6389800b3c"
"i-0345a47d208d6b293"
"i-09d233ab858d2f256"
"i-0139361d2fec11185"
+ echo 'Print list of lambda functions'
Print list of lambda functions
+ aws lambda list-functions
{
    "Functions": []
}
+ echo 'Print list of IAM users'
Print list of IAM users
+ aws iam list-users
{
    "Users": [
        {
            "Path": "/",
            "UserName": "mantukarigar4321",
            "UserId": "AIDATEWLXUCY23Q5WI4YH",
            "Arn": "arn:aws:iam::216249376945:user/mantukarigar4321",
            "CreateDate": "2026-01-09T16:34:20+00:00",
            "PasswordLastUsed": "2026-01-19T02:44:56+00:00"
        }
    ]
}
+ echo 'Print the list of s3 buckets'
Print the list of s3 buckets
+ aws s3 ls
2026-01-19 12:28:31 216249376945-terraform-states
+ echo 'Print the list of ec2 intaces'
Print the list of ec2 intaces
+ aws ec2 describe-instances
+ jq '.Reservations[].Instances[].InstanceId'
"i-011551b6389800b3c"
"i-0345a47d208d6b293"
"i-09d233ab858d2f256"
"i-0139361d2fec11185"
+ echo 'Print list of lambda functions'
Print list of lambda functions
+ aws lambda list-functions
{
    "Functions": []
}
+ echo 'Print list of IAM users'
Print list of IAM users
+ aws iam list-users
{
    "Users": [
        {
            "Path": "/",
            "UserName": "mantukarigar4321",
            "UserId": "AIDATEWLXUCY23Q5WI4YH",
            "Arn": "arn:aws:iam::216249376945:user/mantukarigar4321",
            "CreateDate": "2026-01-09T16:34:20+00:00",
            "PasswordLastUsed": "2026-01-19T02:44:56+00:00"
        }
    ]
}
+ echo 'Print the list of s3 buckets'
Print the list of s3 buckets
+ aws s3 ls
2026-01-19 12:28:31 216249376945-terraform-states
+ echo 'Print the list of ec2 intaces'
Print the list of ec2 intaces
+ aws ec2 describe-instances
+ jq '.Reservations[].Instances[].InstanceId'
"i-011551b6389800b3c"
"i-0345a47d208d6b293"
"i-09d233ab858d2f256"
"i-0139361d2fec11185"
+ echo 'Print list of lambda functions'
Print list of lambda functions
+ aws lambda list-functions
{
    "Functions": []
}
+ echo 'Print list of IAM users'
Print list of IAM users
+ aws iam list-users
{
    "Users": [
        {
            "Path": "/",
            "UserName": "mantukarigar4321",
            "UserId": "AIDATEWLXUCY23Q5WI4YH",
            "Arn": "arn:aws:iam::216249376945:user/mantukarigar4321",
            "CreateDate": "2026-01-09T16:34:20+00:00",
            "PasswordLastUsed": "2026-01-19T02:44:56+00:00"
        }
    ]
}
